[GIN-debug] [WARNING] Creating an Engine instance with the Logger and Recovery middleware already attached.

[GIN-debug] [WARNING] Running in "debug" mode. Switch to "release" mode in production.
 - using env:	export GIN_MODE=release
 - using code:	gin.SetMode(gin.ReleaseMode)

[GIN-debug] GET    /files                    --> main.main.func1 (4 handlers)
[GIN-debug] GET    /download/:filename       --> main.main.func2 (4 handlers)
[GIN-debug] POST   /upload                   --> main.main.func3 (4 handlers)
[GIN-debug] DELETE /download/:filename       --> main.main.func4 (4 handlers)
[GIN-debug] [WARNING] You trusted all proxies, this is NOT safe. We recommend you to set a value.
Please check https://pkg.go.dev/github.com/gin-gonic/gin#readme-don-t-trust-all-proxies for details.
[GIN-debug] Listening and serving HTTP on :1234
[GIN] 2025/09/16 - 13:44:51 | 200 |     239.405µs |             ::1 | GET      "/files"
[GIN] 2025/09/16 - 13:47:49 | 200 |    1.645531ms |             ::1 | GET      "/download/test.txt"
[GIN] 2025/09/16 - 13:49:03 | 200 |     141.511µs |             ::1 | GET      "/download/test.txt"
[GIN] 2025/09/16 - 13:49:03 | 200 |      70.268µs |             ::1 | GET      "/download/test.txt"
[GIN] 2025/09/16 - 13:49:05 | 200 |      88.702µs |             ::1 | GET      "/download/test2.txt"
[GIN] 2025/09/16 - 13:49:05 | 200 |      76.809µs |             ::1 | GET      "/download/test2.txt"
[GIN] 2025/09/16 - 13:49:06 | 200 |      74.702µs |             ::1 | GET      "/download/test.txt"
[GIN] 2025/09/16 - 13:49:06 | 200 |        65.5µs |             ::1 | GET      "/download/test.txt"
[GIN-debug] [WARNING] Creating an Engine instance with the Logger and Recovery middleware already attached.

[GIN-debug] [WARNING] Running in "debug" mode. Switch to "release" mode in production.
 - using env:	export GIN_MODE=release
 - using code:	gin.SetMode(gin.ReleaseMode)

[GIN-debug] GET    /files                    --> main.main.func1 (4 handlers)
[GIN-debug] GET    /download/:filename       --> main.main.func2 (4 handlers)
[GIN-debug] POST   /upload                   --> main.main.func3 (4 handlers)
[GIN-debug] DELETE /download/:filename       --> main.main.func4 (4 handlers)
[GIN-debug] [WARNING] You trusted all proxies, this is NOT safe. We recommend you to set a value.
Please check https://pkg.go.dev/github.com/gin-gonic/gin#readme-don-t-trust-all-proxies for details.
[GIN-debug] Listening and serving HTTP on :1234
[GIN] 2025/09/17 - 21:46:22 | 200 |     246.185µs |             ::1 | GET      "/files"
[GIN] 2025/09/17 - 21:46:25 | 200 |     2.27345ms |             ::1 | GET      "/download/test2.txt"
[GIN] 2025/09/17 - 21:46:26 | 200 |    2.157001ms |             ::1 | GET      "/download/test.txt"
[GIN] 2025/09/17 - 21:46:26 | 200 |      46.351µs |             ::1 | GET      "/download/test.txt"
[GIN] 2025/09/17 - 22:06:53 | 200 |      67.011µs |             ::1 | GET      "/files"
[GIN] 2025/09/17 - 22:07:03 | 200 |      50.102µs |             ::1 | GET      "/download/test2.txt"
[GIN] 2025/09/17 - 22:07:03 | 200 |       27.59µs |             ::1 | GET      "/download/test2.txt"
[GIN] 2025/09/17 - 22:07:05 | 200 |      36.785µs |             ::1 | GET      "/download/test.txt"
[GIN] 2025/09/17 - 22:07:05 | 200 |      31.948µs |             ::1 | GET      "/download/test.txt"
[GIN] 2025/09/17 - 22:07:06 | 200 |      42.972µs |             ::1 | GET      "/download/test2.txt"
[GIN] 2025/09/17 - 22:07:06 | 200 |      29.361µs |             ::1 | GET      "/download/test2.txt"
[GIN] 2025/09/17 - 22:07:07 | 200 |      43.303µs |             ::1 | GET      "/download/test.txt"
[GIN] 2025/09/17 - 22:07:07 | 200 |      29.546µs |             ::1 | GET      "/download/test.txt"
[GIN] 2025/09/17 - 22:07:09 | 200 |      36.924µs |             ::1 | GET      "/download/test2.txt"
[GIN] 2025/09/17 - 22:07:11 | 200 |      32.701µs |             ::1 | GET      "/download/test.txt"
[GIN] 2025/09/17 - 22:07:11 | 200 |      27.488µs |             ::1 | GET      "/download/test.txt"
[GIN] 2025/09/17 - 22:07:12 | 200 |      38.323µs |             ::1 | GET      "/download/test2.txt"
[GIN] 2025/09/17 - 22:07:12 | 200 |      40.176µs |             ::1 | GET      "/download/test2.txt"
[GIN] 2025/09/17 - 22:07:13 | 200 |      43.262µs |             ::1 | GET      "/download/test.txt"
[GIN] 2025/09/17 - 22:07:13 | 200 |      32.344µs |             ::1 | GET      "/download/test.txt"
[GIN] 2025/09/17 - 22:07:16 | 200 |      41.942µs |             ::1 | GET      "/download/test2.txt"
[GIN] 2025/09/17 - 22:07:16 | 200 |      34.063µs |             ::1 | GET      "/download/test2.txt"
[GIN] 2025/09/17 - 22:07:16 | 200 |      52.842µs |             ::1 | GET      "/download/test.txt"
[GIN] 2025/09/17 - 22:07:16 | 200 |      28.197µs |             ::1 | GET      "/download/test.txt"
[GIN] 2025/09/17 - 22:07:17 | 200 |      31.964µs |             ::1 | GET      "/download/test2.txt"
[GIN] 2025/09/17 - 22:07:17 | 200 |      16.345µs |             ::1 | GET      "/download/test2.txt"
[GIN] 2025/09/17 - 22:07:19 | 200 |      36.175µs |             ::1 | GET      "/download/test.txt"
[GIN] 2025/09/17 - 22:07:20 | 200 |      46.889µs |             ::1 | GET      "/download/test2.txt"
[GIN] 2025/09/17 - 22:07:20 | 200 |      44.456µs |             ::1 | GET      "/download/test.txt"
[GIN] 2025/09/17 - 22:07:20 | 200 |      30.444µs |             ::1 | GET      "/download/test.txt"
[GIN] 2025/09/17 - 22:07:28 | 200 |      45.944µs |             ::1 | GET      "/download/test2.txt"
[GIN] 2025/09/17 - 22:07:28 | 200 |       45.01µs |             ::1 | GET      "/download/test2.txt"
[GIN] 2025/09/17 - 22:14:57 | 200 |      66.749µs |             ::1 | GET      "/download/test.txt"
[GIN] 2025/09/17 - 22:14:57 | 200 |      26.847µs |             ::1 | GET      "/download/test.txt"
[GIN] 2025/09/17 - 22:15:00 | 200 |      39.961µs |             ::1 | GET      "/download/test2.txt"
[GIN] 2025/09/17 - 22:15:00 | 200 |      24.769µs |             ::1 | GET      "/download/test2.txt"
[GIN] 2025/09/17 - 22:15:02 | 200 |      43.544µs |             ::1 | GET      "/download/test.txt"
[GIN] 2025/09/17 - 22:15:02 | 200 |      28.797µs |             ::1 | GET      "/download/test.txt"
[GIN] 2025/09/17 - 22:15:03 | 200 |      37.974µs |             ::1 | GET      "/download/test2.txt"
[GIN] 2025/09/17 - 22:15:03 | 200 |      45.759µs |             ::1 | GET      "/download/test2.txt"
[GIN] 2025/09/17 - 22:15:07 | 200 |      32.153µs |             ::1 | GET      "/download/test.txt"
[GIN] 2025/09/17 - 22:15:25 | 200 |      26.667µs |             ::1 | GET      "/download/test.txt"
[GIN] 2025/09/17 - 22:15:25 | 200 |      16.722µs |             ::1 | GET      "/download/test.txt"
[GIN] 2025/09/17 - 22:15:38 | 200 |      43.378µs |             ::1 | GET      "/download/test2.txt"
[GIN] 2025/09/17 - 22:15:38 | 200 |      34.695µs |             ::1 | GET      "/download/test2.txt"
[GIN] 2025/09/17 - 22:15:39 | 200 |      60.055µs |             ::1 | GET      "/download/test.txt"
[GIN] 2025/09/17 - 22:15:39 | 200 |      33.481µs |             ::1 | GET      "/download/test.txt"
